Application starting...
Connecting to phone at 10.40.4.219
Decoder instance created.
Video thread started on port 5005
TCP Control connected.
Output format set successfully.
ProcessOutput returned: A stream change has occurred. Output cannot be produced until the streams have been renegotiated. (0x-1072861855)
ProcessInput FAILED: The callee is currently not accepting further input. (0x-1072875851)
ProcessInput FAILED: The callee is currently not accepting further input. (0x-1072875851)
ProcessInput FAILED: The callee is currently not accepting further input. (0x-1072875851)
ProcessInput FAILED: The callee is currently not accepting further input. (0x-1072875851)
ProcessInput FAILED: The callee is currently not accepting further input. (0x-1072875851)
ProcessInput FAILED: The callee is currently not accepting further input. (0x-1072875851)
ProcessInput FAILED: The callee is currently not accepting further input. (0x-1072875851)
ProcessInput FAILED: The callee is currently not accepting further input. (0x-1072875851)
ProcessInput FAILED: The callee is currently not accepting further input. (0x-1072875851)
ProcessInput FAILED: The callee is currently not accepting further input. (0x-1072875851)
ProcessInput FAILED: The callee is currently not accepting further input. (0x-1072875851)
ProcessInput FAILED: The callee is currently not accepting further input. (0x-1072875851)
ProcessInput FAILED: The callee is currently not accepting further input. (0x-1072875851)
ProcessInput FAILED: The callee is currently not accepting further input. (0x-1072875851)
ProcessInput FAILED: The callee is currently not accepting further input. (0x-1072875851)
ProcessInput FAILED: The callee is currently not accepting further input. (0x-1072875851)
ProcessInput FAILED: The callee is currently not accepting further input. (0x-1072875851)
ProcessInput FAILED: The callee is currently not accepting further input. (0x-1072875851)
ProcessInput FAILED: The callee is currently not accepting further input. (0x-1072875851)
ProcessInput FAILED: The callee is currently not accepting further input. (0x-1072875851)
ProcessInput FAILED: The callee is currently not accepting further input. (0x-1072875851)
ProcessInput FAILED: The callee is currently not accepting further input. (0x-1072875851)
ProcessInput FAILED: The callee is currently not accepting further input. (0x-1072875851)
ProcessInput FAILED: The callee is currently not accepting further input. (0x-1072875851)
ProcessInput FAILED: The callee is currently not accepting further input. (0x-1072875851)
ProcessInput FAILED: The callee is currently not accepting further input. (0x-1072875851)
ProcessInput FAILED: The callee is currently not accepting further input. (0x-1072875851)
ProcessInput FAILED: The callee is currently not accepting further input. (0x-1072875851)
ProcessInput FAILED: The callee is currently not accepting further input. (0x-1072875851)
ProcessInput FAILED: The callee is currently not accepting further input. (0x-1072875851)
ProcessInput FAILED: The callee is currently not accepting further input. (0x-1072875851)
ProcessInput FAILED: The callee is currently not accepting further input. (0x-1072875851)
ProcessInput FAILED: The callee is currently not accepting further input. (0x-1072875851)
ProcessInput FAILED: The callee is currently not accepting further input. (0x-1072875851)
ProcessInput FAILED: The callee is currently not accepting further input. (0x-1072875851)
ProcessInput FAILED: The callee is currently not accepting further input. (0x-1072875851)
ProcessInput FAILED: The callee is currently not accepting further input. (0x-1072875851)
ProcessInput FAILED: The callee is currently not accepting further input. (0x-1072875851)
ProcessInput FAILED: The callee is currently not accepting further input. (0x-1072875851)
ProcessInput FAILED: The callee is currently not accepting further input. (0x-1072875851)
ProcessInput FAILED: The callee is currently not accepting further input. (0x-1072875851)
ProcessInput FAILED: The callee is currently not accepting further input. (0x-1072875851)
ProcessInput FAILED: The callee is currently not accepting further input. (0x-1072875851)
ProcessInput FAILED: The callee is currently not accepting further input. (0x-1072875851)
ProcessInput FAILED: The callee is currently not accepting further input. (0x-1072875851)
ProcessInput FAILED: The callee is currently not accepting further input. (0x-1072875851)
ProcessInput FAILED: The callee is currently not accepting further input. (0x-1072875851)
ProcessInput FAILED: The callee is currently not accepting further input. (0x-1072875851)
ProcessInput FAILED: The callee is currently not accepting further input. (0x-1072875851)
ProcessInput FAILED: The callee is currently not accepting further input. (0x-1072875851)
ProcessInput FAILED: The callee is currently not accepting further input. (0x-1072875851)
ProcessInput FAILED: The callee is currently not accepting further input. (0x-1072875851)
ProcessInput FAILED: The callee is currently not accepting further input. (0x-1072875851)
ProcessInput FAILED: The callee is currently not accepting further input. (0x-1072875851)
ProcessInput FAILED: The callee is currently not accepting further input. (0x-1072875851)
ProcessInput FAILED: The callee is currently not accepting further input. (0x-1072875851)
ProcessInput FAILED: The callee is currently not accepting further input. (0x-1072875851)
ProcessInput FAILED: The callee is currently not accepting further input. (0x-1072875851)
ProcessInput FAILED: The callee is currently not accepting further input. (0x-1072875851)
ProcessInput FAILED: The callee is currently not accepting further input. (0x-1072875851)
ProcessInput FAILED: The callee is currently not accepting further input. (0x-1072875851)
ProcessInput FAILED: The callee is currently not accepting further input. (0x-1072875851)
ProcessInput FAILED: The callee is currently not accepting further input. (0x-1072875851)
ProcessInput FAILED: The callee is currently not accepting further input. (0x-1072875851)
ProcessInput FAILED: The callee is currently not accepting further input. (0x-1072875851)
ProcessInput FAILED: The callee is currently not accepting further input. (0x-1072875851)
ProcessInput FAILED: The callee is currently not accepting further input. (0x-1072875851)
ProcessInput FAILED: The callee is currently not accepting further input. (0x-1072875851)
ProcessInput FAILED: The callee is currently not accepting further input. (0x-1072875851)
ProcessInput FAILED: The callee is currently not accepting further input. (0x-1072875851)
ProcessInput FAILED: The callee is currently not accepting further input. (0x-1072875851)
ProcessInput FAILED: The callee is currently not accepting further input. (0x-1072875851)
ProcessInput FAILED: The callee is currently not accepting further input. (0x-1072875851)
ProcessInput FAILED: The callee is currently not accepting further input. (0x-1072875851)
ProcessInput FAILED: The callee is currently not accepting further input. (0x-1072875851)
ProcessInput FAILED: The callee is currently not accepting further input. (0x-1072875851)
ProcessInput FAILED: The callee is currently not accepting further input. (0x-1072875851)
ProcessInput FAILED: The callee is currently not accepting further input. (0x-1072875851)
